<?xml version="1.0" encoding="UTF-8"?>
<!-- Generated by org.testng.reporters.JUnitReportReporter -->
<testsuite hostname="LAPTOP-I0FKOB4N" failures="0" tests="1" name="cucumberOptions.TestNGTestRunner" time="4.581" errors="0" timestamp="2024-01-20T16:37:42 EST" skipped="0">
  <testcase classname="cucumberOptions.TestNGTestRunner" name="runScenario" time="4.581"/>
</testsuite> <!-- cucumberOptions.TestNGTestRunner -->
