<?xml version="1.0" encoding="UTF-8"?>
<!-- Generated by org.testng.reporters.JUnitReportReporter -->
<testsuite hostname="Nusrats-MacBook-Air.local" failures="0" tests="4" name="cucumberOptions.TestNGTestRunner" time="110.312" errors="0" timestamp="2024-01-26T14:43:09 EST" skipped="0">
  <testcase classname="cucumberOptions.TestNGTestRunner" name="runScenario" time="33.380"/>
  <testcase classname="cucumberOptions.TestNGTestRunner" name="runScenario" time="21.326"/>
  <testcase classname="cucumberOptions.TestNGTestRunner" name="runScenario" time="23.413"/>
  <testcase classname="cucumberOptions.TestNGTestRunner" name="runScenario" time="32.193"/>
</testsuite> <!-- cucumberOptions.TestNGTestRunner -->
