<?xml version="1.0" encoding="UTF-8"?>
<!-- Generated by org.testng.reporters.JUnitReportReporter -->
<testsuite hostname="Nusrats-MacBook-Air.local" failures="0" tests="15" name="cucumberOptions.TestNGTestRunner" time="143.886" errors="0" timestamp="2024-01-26T17:02:12 EST" skipped="0">
  <testcase classname="cucumberOptions.TestNGTestRunner" name="runScenario" time="10.764"/>
  <testcase classname="cucumberOptions.TestNGTestRunner" name="runScenario" time="12.676"/>
  <testcase classname="cucumberOptions.TestNGTestRunner" name="runScenario" time="7.710"/>
  <testcase classname="cucumberOptions.TestNGTestRunner" name="runScenario" time="10.065"/>
  <testcase classname="cucumberOptions.TestNGTestRunner" name="runScenario" time="9.962"/>
  <testcase classname="cucumberOptions.TestNGTestRunner" name="runScenario" time="10.362"/>
  <testcase classname="cucumberOptions.TestNGTestRunner" name="runScenario" time="5.104"/>
  <testcase classname="cucumberOptions.TestNGTestRunner" name="runScenario" time="8.901"/>
  <testcase classname="cucumberOptions.TestNGTestRunner" name="runScenario" time="12.652"/>
  <testcase classname="cucumberOptions.TestNGTestRunner" name="runScenario" time="7.094"/>
  <testcase classname="cucumberOptions.TestNGTestRunner" name="runScenario" time="5.158"/>
  <testcase classname="cucumberOptions.TestNGTestRunner" name="runScenario" time="13.252"/>
  <testcase classname="cucumberOptions.TestNGTestRunner" name="runScenario" time="10.110"/>
  <testcase classname="cucumberOptions.TestNGTestRunner" name="runScenario" time="11.514"/>
  <testcase classname="cucumberOptions.TestNGTestRunner" name="runScenario" time="8.562"/>
</testsuite> <!-- cucumberOptions.TestNGTestRunner -->
