<?xml version="1.0" encoding="UTF-8"?>
<!-- Generated by org.testng.reporters.JUnitReportReporter -->
<testsuite hostname="LAPTOP-I0FKOB4N" failures="0" tests="2" name="cucumberOptions.TestNGTestRunner" time="9.819" errors="0" timestamp="2024-01-21T14:31:15 EST" skipped="0">
  <testcase classname="cucumberOptions.TestNGTestRunner" name="runScenario" time="5.214"/>
  <testcase classname="cucumberOptions.TestNGTestRunner" name="runScenario" time="4.605"/>
</testsuite> <!-- cucumberOptions.TestNGTestRunner -->
