<?xml version="1.0" encoding="UTF-8"?>
<!-- Generated by org.testng.reporters.JUnitReportReporter -->
<testsuite hostname="Nusrats-MacBook-Air.local" failures="0" tests="4" name="cucumberOptions.TestNGTestRunner" time="16.570" errors="0" timestamp="2024-01-26T12:51:19 EST" skipped="0">
  <testcase classname="cucumberOptions.TestNGTestRunner" name="runScenario" time="3.849"/>
  <testcase classname="cucumberOptions.TestNGTestRunner" name="runScenario" time="4.081"/>
  <testcase classname="cucumberOptions.TestNGTestRunner" name="runScenario" time="4.302"/>
  <testcase classname="cucumberOptions.TestNGTestRunner" name="runScenario" time="4.338"/>
</testsuite> <!-- cucumberOptions.TestNGTestRunner -->
