<?xml version="1.0" encoding="UTF-8"?>
<!-- Generated by org.testng.reporters.JUnitReportReporter -->
<testsuite hostname="Nusrats-MacBook-Air.local" failures="0" tests="2" name="cucumberOptions.TestNGTestRunner" time="5.102" errors="0" timestamp="2024-01-26T11:18:42 EST" skipped="0">
  <testcase classname="cucumberOptions.TestNGTestRunner" name="runScenario" time="2.564"/>
  <testcase classname="cucumberOptions.TestNGTestRunner" name="runScenario" time="2.538"/>
</testsuite> <!-- cucumberOptions.TestNGTestRunner -->
