<?xml version="1.0" encoding="UTF-8"?>
<!-- Generated by org.testng.reporters.JUnitReportReporter -->
<testsuite hostname="Nusrats-MacBook-Air.local" failures="0" tests="2" name="cucumberOptions.TestNGTestRunner" time="6.722" errors="0" timestamp="2024-01-26T12:35:46 EST" skipped="0">
  <testcase classname="cucumberOptions.TestNGTestRunner" name="runScenario" time="3.444"/>
  <testcase classname="cucumberOptions.TestNGTestRunner" name="runScenario" time="3.278"/>
</testsuite> <!-- cucumberOptions.TestNGTestRunner -->
