<?xml version="1.0" encoding="UTF-8"?>
<!-- Generated by org.testng.reporters.JUnitReportReporter -->
<testsuite hostname="Nusrats-MacBook-Air.local" failures="0" tests="6" name="cucumberOptions.TestNGTestRunner" time="35.246" errors="0" timestamp="2024-01-26T16:54:06 EST" skipped="0">
  <testcase classname="cucumberOptions.TestNGTestRunner" name="runScenario" time="5.052"/>
  <testcase classname="cucumberOptions.TestNGTestRunner" name="runScenario" time="5.479"/>
  <testcase classname="cucumberOptions.TestNGTestRunner" name="runScenario" time="6.317"/>
  <testcase classname="cucumberOptions.TestNGTestRunner" name="runScenario" time="5.011"/>
  <testcase classname="cucumberOptions.TestNGTestRunner" name="runScenario" time="8.619"/>
  <testcase classname="cucumberOptions.TestNGTestRunner" name="runScenario" time="4.768"/>
</testsuite> <!-- cucumberOptions.TestNGTestRunner -->
