<?xml version="1.0" encoding="UTF-8"?>
<!-- Generated by org.testng.reporters.JUnitReportReporter -->
<testsuite hostname="LAPTOP-I0FKOB4N" failures="0" tests="2" name="cucumberOptions.TestNGTestRunner" time="4.289" errors="0" timestamp="2024-01-19T17:09:00 EST" skipped="0">
  <testcase classname="cucumberOptions.TestNGTestRunner" name="runScenario" time="2.396"/>
  <testcase classname="cucumberOptions.TestNGTestRunner" name="runScenario" time="1.893"/>
</testsuite> <!-- cucumberOptions.TestNGTestRunner -->
